2015/11/03 13:55:20 [error] [php] Use of undefined constant descr - assumed 'descr' (/var/www/frog/protected/models/AlmabCustomerrequest.php:98)
Stack trace:
#0 /var/www/frog/framework/web/CBaseController.php(95): AlmabCustomerrequestController->renderInternal()
#1 /var/www/frog/framework/web/CController.php(869): AlmabCustomerrequestController->renderFile()
#2 /var/www/frog/framework/web/CController.php(782): AlmabCustomerrequestController->renderPartial()
#3 /var/www/frog/protected/controllers/AlmabCustomerrequestController.php(144): AlmabCustomerrequestController->render()
#4 /var/www/frog/framework/web/actions/CInlineAction.php(49): AlmabCustomerrequestController->actionAdmin()
#5 /var/www/frog/framework/web/CController.php(308): CInlineAction->runWithParams()
#6 /var/www/frog/framework/web/filters/CFilterChain.php(133): AlmabCustomerrequestController->runAction()
#7 /var/www/frog/framework/web/filters/CFilter.php(40): CFilterChain->run()
#8 /var/www/frog/protected/modules/rights/components/RController.php(36): RightsFilter->filter()
#9 /var/www/frog/framework/web/filters/CInlineFilter.php(58): AlmabCustomerrequestController->filterRights()
#10 /var/www/frog/framework/web/filters/CFilterChain.php(130): CInlineFilter->filter()
#11 /var/www/frog/framework/web/filters/CFilter.php(40): CFilterChain->run()
#12 /var/www/frog/framework/web/CController.php(1145): CAccessControlFilter->filter()
#13 /var/www/frog/framework/web/filters/CInlineFilter.php(58): AlmabCustomerrequestController->filterAccessControl()
#14 /var/www/frog/framework/web/filters/CFilterChain.php(130): CInlineFilter->filter()
#15 /var/www/frog/framework/web/CController.php(291): CFilterChain->run()
#16 /var/www/frog/framework/web/CController.php(265): AlmabCustomerrequestController->runActionWithFilters()
#17 /var/www/frog/framework/web/CWebApplication.php(282): AlmabCustomerrequestController->run()
#18 /var/www/frog/framework/web/CWebApplication.php(141): CWebApplication->runController()
#19 /var/www/frog/framework/base/CApplication.php(184): CWebApplication->processRequest()
#20 /var/www/frog/index.php(13): CWebApplication->run()
REQUEST_URI=/frog/index.php?r=almabCustomerrequest/admin
in /var/www/frog/protected/models/AlmabCustomerrequest.php (98)
in /var/www/frog/protected/views/almabCustomerrequest/admin.php (46)
in /var/www/frog/protected/controllers/AlmabCustomerrequestController.php (144)
2015/11/03 14:22:19 [error] [exception.CDbException] exception 'CDbException' with message 'The relation "almabcustomerrequest" in active record class "AlmabCustomerrequest" is specified with an invalid foreign key "SerialNumber". There is no such column in the table "almab_customers".' in /var/www/frog/framework/db/ar/CActiveFinder.php:1101
Stack trace:
#0 /var/www/frog/framework/db/ar/CActiveFinder.php(1072): CJoinElement->joinOneMany(Object(CJoinElement), Array, Object(CJoinElement), Object(CJoinElement))
#1 /var/www/frog/framework/db/ar/CActiveFinder.php(1317): CJoinElement->getJoinCondition()
#2 /var/www/frog/framework/db/ar/CActiveFinder.php(795): CJoinQuery->join(Object(CJoinElement))
#3 /var/www/frog/framework/db/ar/CActiveFinder.php(733): CJoinElement->buildQuery(Object(CJoinQuery))
#4 /var/www/frog/framework/db/ar/CActiveFinder.php(151): CJoinElement->count(Object(CDbCriteria))
#5 /var/www/frog/framework/db/ar/CActiveRecord.php(1610): CActiveFinder->count(Object(CDbCriteria))
#6 /var/www/frog/framework/web/CActiveDataProvider.php(228): CActiveRecord->count(Object(CDbCriteria))
#7 /var/www/frog/framework/web/CDataProvider.php(224): CActiveDataProvider->calculateTotalItemCount()
#8 /var/www/frog/framework/web/CActiveDataProvider.php(178): CDataProvider->getTotalItemCount()
#9 /var/www/frog/framework/web/CDataProvider.php(168): CActiveDataProvider->fetchData()
#10 /var/www/frog/framework/zii/widgets/CBaseListView.php(125): CDataProvider->getData()
#11 /var/www/frog/framework/zii/widgets/grid/CGridView.php(339): CBaseListView->init()
#12 /var/www/frog/framework/web/CBaseController.php(147): CGridView->init()
#13 /var/www/frog/framework/web/CBaseController.php(180): CBaseController->createWidget('zii.widgets.gri...', Array)
#14 /var/www/frog/protected/views/almabCustomerrequest/admin.php(63): CBaseController->widget('zii.widgets.gri...', Array)
#15 /var/www/frog/framework/web/CBaseController.php(126): require('/var/www/frog/p...')
#16 /var/www/frog/framework/web/CBaseController.php(95): CBaseController->renderInternal('/var/www/frog/p...', Array, true)
#17 /var/www/frog/framework/web/CController.php(869): CBaseController->renderFile('/var/www/frog/p...', Array, true)
#18 /var/www/frog/framework/web/CController.php(782): CController->renderPartial('admin', Array, true)
#19 /var/www/frog/protected/controllers/AlmabCustomerrequestController.php(144): CController->render('admin', Array)
#20 /var/www/frog/framework/web/actions/CInlineAction.php(49): AlmabCustomerrequestController->actionAdmin()
#21 /var/www/frog/framework/web/CController.php(308): CInlineAction->runWithParams(Array)
#22 /var/www/frog/framework/web/filters/CFilterChain.php(133): CController->runAction(Object(CInlineAction))
#23 /var/www/frog/framework/web/filters/CFilter.php(40): CFilterChain->run()
#24 /var/www/frog/protected/modules/rights/components/RController.php(36): CFilter->filter(Object(CFilterChain))
#25 /var/www/frog/framework/web/filters/CInlineFilter.php(58): RController->filterRights(Object(CFilterChain))
#26 /var/www/frog/framework/web/filters/CFilterChain.php(130): CInlineFilter->filter(Object(CFilterChain))
#27 /var/www/frog/framework/web/filters/CFilter.php(40): CFilterChain->run()
#28 /var/www/frog/framework/web/CController.php(1145): CFilter->filter(Object(CFilterChain))
#29 /var/www/frog/framework/web/filters/CInlineFilter.php(58): CController->filterAccessControl(Object(CFilterChain))
#30 /var/www/frog/framework/web/filters/CFilterChain.php(130): CInlineFilter->filter(Object(CFilterChain))
#31 /var/www/frog/framework/web/CController.php(291): CFilterChain->run()
#32 /var/www/frog/framework/web/CController.php(265): CController->runActionWithFilters(Object(CInlineAction), Array)
#33 /var/www/frog/framework/web/CWebApplication.php(282): CController->run('admin')
#34 /var/www/frog/framework/web/CWebApplication.php(141): CWebApplication->runController('almabCustomerre...')
#35 /var/www/frog/framework/base/CApplication.php(184): CWebApplication->processRequest()
#36 /var/www/frog/index.php(13): CApplication->run()
#37 {main}
REQUEST_URI=/frog/index.php?r=almabCustomerrequest/admin
HTTP_REFERER=http://localhost/frog/index.php?r=user/login
---
2015/11/03 14:24:49 [error] [exception.CDbException] exception 'CDbException' with message 'Active record "AlmabCustomerrequest" has an invalid configuration for relation "almabcustomerrequest". It must specify the relation type, the related active record class and the foreign key.' in /var/www/frog/framework/db/ar/CActiveRecord.php:2436
Stack trace:
#0 /var/www/frog/framework/db/ar/CActiveRecord.php(2415): CActiveRecordMetaData->addRelation('almabcustomerre...', Array)
#1 /var/www/frog/framework/db/ar/CActiveRecord.php(411): CActiveRecordMetaData->__construct(Object(AlmabCustomerrequest))
#2 /var/www/frog/framework/db/ar/CActiveRecord.php(79): CActiveRecord->getMetaData()
#3 /var/www/frog/protected/controllers/AlmabCustomerrequestController.php(137): CActiveRecord->__construct('search')
#4 /var/www/frog/framework/web/actions/CInlineAction.php(49): AlmabCustomerrequestController->actionAdmin()
#5 /var/www/frog/framework/web/CController.php(308): CInlineAction->runWithParams(Array)
#6 /var/www/frog/framework/web/filters/CFilterChain.php(133): CController->runAction(Object(CInlineAction))
#7 /var/www/frog/framework/web/filters/CFilter.php(40): CFilterChain->run()
#8 /var/www/frog/protected/modules/rights/components/RController.php(36): CFilter->filter(Object(CFilterChain))
#9 /var/www/frog/framework/web/filters/CInlineFilter.php(58): RController->filterRights(Object(CFilterChain))
#10 /var/www/frog/framework/web/filters/CFilterChain.php(130): CInlineFilter->filter(Object(CFilterChain))
#11 /var/www/frog/framework/web/filters/CFilter.php(40): CFilterChain->run()
#12 /var/www/frog/framework/web/CController.php(1145): CFilter->filter(Object(CFilterChain))
#13 /var/www/frog/framework/web/filters/CInlineFilter.php(58): CController->filterAccessControl(Object(CFilterChain))
#14 /var/www/frog/framework/web/filters/CFilterChain.php(130): CInlineFilter->filter(Object(CFilterChain))
#15 /var/www/frog/framework/web/CController.php(291): CFilterChain->run()
#16 /var/www/frog/framework/web/CController.php(265): CController->runActionWithFilters(Object(CInlineAction), Array)
#17 /var/www/frog/framework/web/CWebApplication.php(282): CController->run('admin')
#18 /var/www/frog/framework/web/CWebApplication.php(141): CWebApplication->runController('almabCustomerre...')
#19 /var/www/frog/framework/base/CApplication.php(184): CWebApplication->processRequest()
#20 /var/www/frog/index.php(13): CApplication->run()
#21 {main}
REQUEST_URI=/frog/index.php?r=almabCustomerrequest/admin
HTTP_REFERER=http://localhost/frog/index.php?r=user/login
---
2015/11/03 14:25:33 [error] [exception.CDbException] exception 'CDbException' with message 'Active record "AlmabCustomerrequest" has an invalid configuration for relation "almabcustomerrequest". It must specify the relation type, the related active record class and the foreign key.' in /var/www/frog/framework/db/ar/CActiveRecord.php:2436
Stack trace:
#0 /var/www/frog/framework/db/ar/CActiveRecord.php(2415): CActiveRecordMetaData->addRelation('almabcustomerre...', Array)
#1 /var/www/frog/framework/db/ar/CActiveRecord.php(411): CActiveRecordMetaData->__construct(Object(AlmabCustomerrequest))
#2 /var/www/frog/framework/db/ar/CActiveRecord.php(79): CActiveRecord->getMetaData()
#3 /var/www/frog/protected/controllers/AlmabCustomerrequestController.php(137): CActiveRecord->__construct('search')
#4 /var/www/frog/framework/web/actions/CInlineAction.php(49): AlmabCustomerrequestController->actionAdmin()
#5 /var/www/frog/framework/web/CController.php(308): CInlineAction->runWithParams(Array)
#6 /var/www/frog/framework/web/filters/CFilterChain.php(133): CController->runAction(Object(CInlineAction))
#7 /var/www/frog/framework/web/filters/CFilter.php(40): CFilterChain->run()
#8 /var/www/frog/protected/modules/rights/components/RController.php(36): CFilter->filter(Object(CFilterChain))
#9 /var/www/frog/framework/web/filters/CInlineFilter.php(58): RController->filterRights(Object(CFilterChain))
#10 /var/www/frog/framework/web/filters/CFilterChain.php(130): CInlineFilter->filter(Object(CFilterChain))
#11 /var/www/frog/framework/web/filters/CFilter.php(40): CFilterChain->run()
#12 /var/www/frog/framework/web/CController.php(1145): CFilter->filter(Object(CFilterChain))
#13 /var/www/frog/framework/web/filters/CInlineFilter.php(58): CController->filterAccessControl(Object(CFilterChain))
#14 /var/www/frog/framework/web/filters/CFilterChain.php(130): CInlineFilter->filter(Object(CFilterChain))
#15 /var/www/frog/framework/web/CController.php(291): CFilterChain->run()
#16 /var/www/frog/framework/web/CController.php(265): CController->runActionWithFilters(Object(CInlineAction), Array)
#17 /var/www/frog/framework/web/CWebApplication.php(282): CController->run('admin')
#18 /var/www/frog/framework/web/CWebApplication.php(141): CWebApplication->runController('almabCustomerre...')
#19 /var/www/frog/framework/base/CApplication.php(184): CWebApplication->processRequest()
#20 /var/www/frog/index.php(13): CApplication->run()
#21 {main}
REQUEST_URI=/frog/index.php?r=almabCustomerrequest/admin
HTTP_REFERER=http://localhost/frog/index.php?r=user/login
---
2015/11/03 14:25:37 [error] [exception.CDbException] exception 'CDbException' with message 'Active record "AlmabCustomerrequest" has an invalid configuration for relation "almabcustomerrequest". It must specify the relation type, the related active record class and the foreign key.' in /var/www/frog/framework/db/ar/CActiveRecord.php:2436
Stack trace:
#0 /var/www/frog/framework/db/ar/CActiveRecord.php(2415): CActiveRecordMetaData->addRelation('almabcustomerre...', Array)
#1 /var/www/frog/framework/db/ar/CActiveRecord.php(411): CActiveRecordMetaData->__construct(Object(AlmabCustomerrequest))
#2 /var/www/frog/framework/db/ar/CActiveRecord.php(79): CActiveRecord->getMetaData()
#3 /var/www/frog/protected/controllers/AlmabCustomerrequestController.php(137): CActiveRecord->__construct('search')
#4 /var/www/frog/framework/web/actions/CInlineAction.php(49): AlmabCustomerrequestController->actionAdmin()
#5 /var/www/frog/framework/web/CController.php(308): CInlineAction->runWithParams(Array)
#6 /var/www/frog/framework/web/filters/CFilterChain.php(133): CController->runAction(Object(CInlineAction))
#7 /var/www/frog/framework/web/filters/CFilter.php(40): CFilterChain->run()
#8 /var/www/frog/protected/modules/rights/components/RController.php(36): CFilter->filter(Object(CFilterChain))
#9 /var/www/frog/framework/web/filters/CInlineFilter.php(58): RController->filterRights(Object(CFilterChain))
#10 /var/www/frog/framework/web/filters/CFilterChain.php(130): CInlineFilter->filter(Object(CFilterChain))
#11 /var/www/frog/framework/web/filters/CFilter.php(40): CFilterChain->run()
#12 /var/www/frog/framework/web/CController.php(1145): CFilter->filter(Object(CFilterChain))
#13 /var/www/frog/framework/web/filters/CInlineFilter.php(58): CController->filterAccessControl(Object(CFilterChain))
#14 /var/www/frog/framework/web/filters/CFilterChain.php(130): CInlineFilter->filter(Object(CFilterChain))
#15 /var/www/frog/framework/web/CController.php(291): CFilterChain->run()
#16 /var/www/frog/framework/web/CController.php(265): CController->runActionWithFilters(Object(CInlineAction), Array)
#17 /var/www/frog/framework/web/CWebApplication.php(282): CController->run('admin')
#18 /var/www/frog/framework/web/CWebApplication.php(141): CWebApplication->runController('almabCustomerre...')
#19 /var/www/frog/framework/base/CApplication.php(184): CWebApplication->processRequest()
#20 /var/www/frog/index.php(13): CApplication->run()
#21 {main}
REQUEST_URI=/frog/index.php?r=almabCustomerrequest/admin
HTTP_REFERER=http://localhost/frog/index.php?r=user/login
---
2015/11/03 14:44:06 [error] [system.db.CDbCommand] CDbCommand::fetchColumn() failed: SQLSTATE[42S22]: Column not found: 1054 Unknown column 'AlmabCustomerrequest.SerialNumber' in 'on clause'. The SQL statement executed was: SELECT COUNT(DISTINCT `t`.`id`) FROM `almab_customerrequest` `t`  LEFT OUTER JOIN `almab_customers` `almabcustomerrequest` ON (AlmabCustomerrequest.SerialNumber = almabcustomerrequest.guid).
in /var/www/frog/protected/views/almabCustomerrequest/admin.php (63)
in /var/www/frog/protected/controllers/AlmabCustomerrequestController.php (144)
in /var/www/frog/protected/modules/rights/components/RController.php (36)
2015/11/03 14:44:06 [error] [exception.CDbException] exception 'CDbException' with message 'CDbCommand failed to execute the SQL statement: SQLSTATE[42S22]: Column not found: 1054 Unknown column 'AlmabCustomerrequest.SerialNumber' in 'on clause'. The SQL statement executed was: SELECT COUNT(DISTINCT `t`.`id`) FROM `almab_customerrequest` `t`  LEFT OUTER JOIN `almab_customers` `almabcustomerrequest` ON (AlmabCustomerrequest.SerialNumber = almabcustomerrequest.guid)' in /var/www/frog/framework/db/CDbCommand.php:543
Stack trace:
#0 /var/www/frog/framework/db/CDbCommand.php(433): CDbCommand->queryInternal('fetchColumn', 0, Array)
#1 /var/www/frog/framework/db/ar/CActiveFinder.php(764): CDbCommand->queryScalar()
#2 /var/www/frog/framework/db/ar/CActiveFinder.php(151): CJoinElement->count(Object(CDbCriteria))
#3 /var/www/frog/framework/db/ar/CActiveRecord.php(1610): CActiveFinder->count(Object(CDbCriteria))
#4 /var/www/frog/framework/web/CActiveDataProvider.php(228): CActiveRecord->count(Object(CDbCriteria))
#5 /var/www/frog/framework/web/CDataProvider.php(224): CActiveDataProvider->calculateTotalItemCount()
#6 /var/www/frog/framework/web/CActiveDataProvider.php(178): CDataProvider->getTotalItemCount()
#7 /var/www/frog/framework/web/CDataProvider.php(168): CActiveDataProvider->fetchData()
#8 /var/www/frog/framework/zii/widgets/CBaseListView.php(125): CDataProvider->getData()
#9 /var/www/frog/framework/zii/widgets/grid/CGridView.php(339): CBaseListView->init()
#10 /var/www/frog/framework/web/CBaseController.php(147): CGridView->init()
#11 /var/www/frog/framework/web/CBaseController.php(180): CBaseController->createWidget('zii.widgets.gri...', Array)
#12 /var/www/frog/protected/views/almabCustomerrequest/admin.php(63): CBaseController->widget('zii.widgets.gri...', Array)
#13 /var/www/frog/framework/web/CBaseController.php(126): require('/var/www/frog/p...')
#14 /var/www/frog/framework/web/CBaseController.php(95): CBaseController->renderInternal('/var/www/frog/p...', Array, true)
#15 /var/www/frog/framework/web/CController.php(869): CBaseController->renderFile('/var/www/frog/p...', Array, true)
#16 /var/www/frog/framework/web/CController.php(782): CController->renderPartial('admin', Array, true)
#17 /var/www/frog/protected/controllers/AlmabCustomerrequestController.php(144): CController->render('admin', Array)
#18 /var/www/frog/framework/web/actions/CInlineAction.php(49): AlmabCustomerrequestController->actionAdmin()
#19 /var/www/frog/framework/web/CController.php(308): CInlineAction->runWithParams(Array)
#20 /var/www/frog/framework/web/filters/CFilterChain.php(133): CController->runAction(Object(CInlineAction))
#21 /var/www/frog/framework/web/filters/CFilter.php(40): CFilterChain->run()
#22 /var/www/frog/protected/modules/rights/components/RController.php(36): CFilter->filter(Object(CFilterChain))
#23 /var/www/frog/framework/web/filters/CInlineFilter.php(58): RController->filterRights(Object(CFilterChain))
#24 /var/www/frog/framework/web/filters/CFilterChain.php(130): CInlineFilter->filter(Object(CFilterChain))
#25 /var/www/frog/framework/web/filters/CFilter.php(40): CFilterChain->run()
#26 /var/www/frog/framework/web/CController.php(1145): CFilter->filter(Object(CFilterChain))
#27 /var/www/frog/framework/web/filters/CInlineFilter.php(58): CController->filterAccessControl(Object(CFilterChain))
#28 /var/www/frog/framework/web/filters/CFilterChain.php(130): CInlineFilter->filter(Object(CFilterChain))
#29 /var/www/frog/framework/web/CController.php(291): CFilterChain->run()
#30 /var/www/frog/framework/web/CController.php(265): CController->runActionWithFilters(Object(CInlineAction), Array)
#31 /var/www/frog/framework/web/CWebApplication.php(282): CController->run('admin')
#32 /var/www/frog/framework/web/CWebApplication.php(141): CWebApplication->runController('almabCustomerre...')
#33 /var/www/frog/framework/base/CApplication.php(184): CWebApplication->processRequest()
#34 /var/www/frog/index.php(13): CApplication->run()
#35 {main}
REQUEST_URI=/frog/index.php?r=almabCustomerrequest/admin
HTTP_REFERER=http://localhost/frog/index.php?r=user/login
---
2015/11/03 15:54:59 [error] [exception.CHttpException.403] exception 'CHttpException' with message 'Login Required' in /var/www/frog/framework/web/auth/CWebUser.php:394
Stack trace:
#0 /var/www/frog/protected/components/RequireLogin.php(36): CWebUser->loginRequired()
#1 /var/www/frog/framework/base/CComponent.php(561): RequireLogin->handleBeginRequest(Object(CEvent))
#2 /var/www/frog/framework/base/CApplication.php(211): CComponent->raiseEvent('onBeginRequest', Object(CEvent))
#3 /var/www/frog/framework/base/CApplication.php(182): CApplication->onBeginRequest(Object(CEvent))
#4 /var/www/frog/index.php(13): CApplication->run()
#5 {main}
REQUEST_URI=/frog/index.php?AlmabCustomerrequest%5Bid%5D=&AlmabCustomerrequest%5BRequest%5D=&AlmabCustomerrequest%5BSerialNumber%5D=&AlmabCustomerrequest%5Balmabcustomerrequest_search%5D=&AlmabCustomerrequest%5BVersion%5D=&AlmabCustomerrequest%5BResponse%5D=&AlmabCustomerrequest%5BRequestTime%5D=&AlmabCustomerrequest_page=1&ajax=almab-customerrequest-grid&r=almabCustomerrequest%2Fadmin
HTTP_REFERER=http://localhost/frog/index.php?r=almabCustomerrequest/admin
---
2015/11/03 15:55:03 [error] [exception.CHttpException.403] exception 'CHttpException' with message 'Login Required' in /var/www/frog/framework/web/auth/CWebUser.php:394
Stack trace:
#0 /var/www/frog/protected/components/RequireLogin.php(36): CWebUser->loginRequired()
#1 /var/www/frog/framework/base/CComponent.php(561): RequireLogin->handleBeginRequest(Object(CEvent))
#2 /var/www/frog/framework/base/CApplication.php(211): CComponent->raiseEvent('onBeginRequest', Object(CEvent))
#3 /var/www/frog/framework/base/CApplication.php(182): CApplication->onBeginRequest(Object(CEvent))
#4 /var/www/frog/index.php(13): CApplication->run()
#5 {main}
REQUEST_URI=/frog/index.php?AlmabCustomerrequest%5Bid%5D=&AlmabCustomerrequest%5BRequest%5D=&AlmabCustomerrequest%5BSerialNumber%5D=&AlmabCustomerrequest%5Balmabcustomerrequest_search%5D=%CE%93%CE%A1%CE%97%CE%93%CE%9F%CE%A1%CE%99%CE%91&AlmabCustomerrequest%5BVersion%5D=&AlmabCustomerrequest%5BResponse%5D=&AlmabCustomerrequest%5BRequestTime%5D=&AlmabCustomerrequest_page=1&ajax=almab-customerrequest-grid&r=almabCustomerrequest%2Fadmin&sort=almabcustomerrequest.descr
HTTP_REFERER=http://localhost/frog/index.php?r=almabCustomerrequest/admin
---
